<?xml version="1.0" encoding="UTF-8"?>
<!-- Generated by org.testng.reporters.JUnitReportReporter -->
<testsuite skipped="1" hostname="jaharon-lt" name="Jenkins_Demo.Jenkins_Demo.AppTest" tests="2" failures="0" timestamp="15 May 2018 05:43:45 GMT" time="14.258" errors="1">
  <testcase name="test" time="0.000" classname="Jenkins_Demo.Jenkins_Demo.AppTest">
    <skipped/>
  </testcase> <!-- test -->
  <testcase name="setUp" time="14.258" classname="Jenkins_Demo.Jenkins_Demo.AppTest">
    <error type="java.lang.NullPointerException">
      <![CDATA[java.lang.NullPointerException
	at Jenkins_Demo.Jenkins_Demo.AppTest.setUp(AppTest.java:20)
	at sun.reflect.NativeMethodAccessorImpl.invoke0(Native Method)
	at sun.reflect.NativeMethodAccessorImpl.invoke(NativeMethodAccessorImpl.java:62)
	at sun.reflect.DelegatingMethodAccessorImpl.invoke(DelegatingMethodAccessorImpl.java:43)
	at java.lang.reflect.Method.invoke(Method.java:498)
	at org.testng.internal.MethodInvocationHelper.invokeMethod(MethodInvocationHelper.java:108)
	at org.testng.internal.Invoker.invokeConfigurationMethod(Invoker.java:523)
	at org.testng.internal.Invoker.invokeConfigurations(Invoker.java:224)
	at org.testng.internal.Invoker.invokeMethod(Invoker.java:599)
	at org.testng.internal.Invoker.invokeTestMethod(Invoker.java:869)
	at org.testng.internal.Invoker.invokeTestMethods(Invoker.java:1193)
	at org.testng.internal.TestMethodWorker.invokeTestMethods(TestMethodWorker.java:126)
	at org.testng.internal.TestMethodWorker.run(TestMethodWorker.java:109)
	at java.util.concurrent.ThreadPoolExecutor.runWorker(ThreadPoolExecutor.java:1149)
	at java.util.concurrent.ThreadPoolExecutor$Worker.run(ThreadPoolExecutor.java:624)
	at java.lang.Thread.run(Thread.java:748)
]]>
    </error>
  </testcase> <!-- setUp -->
</testsuite> <!-- Jenkins_Demo.Jenkins_Demo.AppTest -->
